[0.578s] Invoking command in '/home/jo-jo/ros2_ws_minimal_pi5/src/robot_legion_teleop_python': DEBUGINFOD_URLS=https://debuginfod.ubuntu.com PYTHONPATH=/home/jo-jo/ros2_ws_minimal_pi5/build/robot_legion_teleop_python/prefix_override:/usr/lib/python3/dist-packages/colcon_core/task/python/colcon_distutils_commands:/home/jo-jo/ros2_ws_minimal_pi5/install/robot_legion_teleop_python/lib/python3.12/site-packages:${PYTHONPATH} /usr/bin/python3 -W ignore:setup.py install is deprecated -W ignore:easy_install command is deprecated setup.py egg_info --egg-base ../../build/robot_legion_teleop_python build --build-base /home/jo-jo/ros2_ws_minimal_pi5/build/robot_legion_teleop_python/build install --record /home/jo-jo/ros2_ws_minimal_pi5/build/robot_legion_teleop_python/install.log --single-version-externally-managed install_data
[0.722s] running egg_info
[0.722s] creating ../../build/robot_legion_teleop_python/robot_legion_teleop_python.egg-info
[0.736s] writing ../../build/robot_legion_teleop_python/robot_legion_teleop_python.egg-info/PKG-INFO
[0.736s] writing dependency_links to ../../build/robot_legion_teleop_python/robot_legion_teleop_python.egg-info/dependency_links.txt
[0.736s] writing entry points to ../../build/robot_legion_teleop_python/robot_legion_teleop_python.egg-info/entry_points.txt
[0.736s] writing requirements to ../../build/robot_legion_teleop_python/robot_legion_teleop_python.egg-info/requires.txt
[0.736s] writing top-level names to ../../build/robot_legion_teleop_python/robot_legion_teleop_python.egg-info/top_level.txt
[0.736s] writing manifest file '../../build/robot_legion_teleop_python/robot_legion_teleop_python.egg-info/SOURCES.txt'
[0.757s] reading manifest file '../../build/robot_legion_teleop_python/robot_legion_teleop_python.egg-info/SOURCES.txt'
[0.758s] writing manifest file '../../build/robot_legion_teleop_python/robot_legion_teleop_python.egg-info/SOURCES.txt'
[0.758s] running build
[0.758s] running build_py
[0.758s] creating /home/jo-jo/ros2_ws_minimal_pi5/build/robot_legion_teleop_python/build
[0.758s] creating /home/jo-jo/ros2_ws_minimal_pi5/build/robot_legion_teleop_python/build/lib
[0.758s] creating /home/jo-jo/ros2_ws_minimal_pi5/build/robot_legion_teleop_python/build/lib/robot_legion_teleop_python
[0.758s] copying robot_legion_teleop_python/unit_executor_action_server.py -> /home/jo-jo/ros2_ws_minimal_pi5/build/robot_legion_teleop_python/build/lib/robot_legion_teleop_python
[0.758s] copying robot_legion_teleop_python/hardware_interface.py -> /home/jo-jo/ros2_ws_minimal_pi5/build/robot_legion_teleop_python/build/lib/robot_legion_teleop_python
[0.758s] copying robot_legion_teleop_python/fpv_web_server.py -> /home/jo-jo/ros2_ws_minimal_pi5/build/robot_legion_teleop_python/build/lib/robot_legion_teleop_python
[0.758s] copying robot_legion_teleop_python/teleop_legion_key.py -> /home/jo-jo/ros2_ws_minimal_pi5/build/robot_legion_teleop_python/build/lib/robot_legion_teleop_python
[0.758s] copying robot_legion_teleop_python/motor_driver_node.py -> /home/jo-jo/ros2_ws_minimal_pi5/build/robot_legion_teleop_python/build/lib/robot_legion_teleop_python
[0.758s] copying robot_legion_teleop_python/control_lock_manager.py -> /home/jo-jo/ros2_ws_minimal_pi5/build/robot_legion_teleop_python/build/lib/robot_legion_teleop_python
[0.758s] copying robot_legion_teleop_python/drive_types.py -> /home/jo-jo/ros2_ws_minimal_pi5/build/robot_legion_teleop_python/build/lib/robot_legion_teleop_python
[0.758s] copying robot_legion_teleop_python/unit_executor_omni_action_server.py -> /home/jo-jo/ros2_ws_minimal_pi5/build/robot_legion_teleop_python/build/lib/robot_legion_teleop_python
[0.758s] copying robot_legion_teleop_python/heartbeat_node.py -> /home/jo-jo/ros2_ws_minimal_pi5/build/robot_legion_teleop_python/build/lib/robot_legion_teleop_python
[0.758s] copying robot_legion_teleop_python/setup.py -> /home/jo-jo/ros2_ws_minimal_pi5/build/robot_legion_teleop_python/build/lib/robot_legion_teleop_python
[0.758s] copying robot_legion_teleop_python/motor_driver_node_OLD.py -> /home/jo-jo/ros2_ws_minimal_pi5/build/robot_legion_teleop_python/build/lib/robot_legion_teleop_python
[0.758s] copying robot_legion_teleop_python/unit_executor_diffdrive_action_server.py -> /home/jo-jo/ros2_ws_minimal_pi5/build/robot_legion_teleop_python/build/lib/robot_legion_teleop_python
[0.759s] copying robot_legion_teleop_python/fpv_camera_mux.py -> /home/jo-jo/ros2_ws_minimal_pi5/build/robot_legion_teleop_python/build/lib/robot_legion_teleop_python
[0.759s] copying robot_legion_teleop_python/fpv_control_arbiter.py -> /home/jo-jo/ros2_ws_minimal_pi5/build/robot_legion_teleop_python/build/lib/robot_legion_teleop_python
[0.759s] copying robot_legion_teleop_python/audit_logger.py -> /home/jo-jo/ros2_ws_minimal_pi5/build/robot_legion_teleop_python/build/lib/robot_legion_teleop_python
[0.759s] copying robot_legion_teleop_python/reset_gz.py -> /home/jo-jo/ros2_ws_minimal_pi5/build/robot_legion_teleop_python/build/lib/robot_legion_teleop_python
[0.759s] copying robot_legion_teleop_python/drive_profiles.py -> /home/jo-jo/ros2_ws_minimal_pi5/build/robot_legion_teleop_python/build/lib/robot_legion_teleop_python
[0.759s] copying robot_legion_teleop_python/usb_camera_node.py -> /home/jo-jo/ros2_ws_minimal_pi5/build/robot_legion_teleop_python/build/lib/robot_legion_teleop_python
[0.759s] copying robot_legion_teleop_python/__init__.py -> /home/jo-jo/ros2_ws_minimal_pi5/build/robot_legion_teleop_python/build/lib/robot_legion_teleop_python
[0.759s] copying robot_legion_teleop_python/playbook_helpers.py -> /home/jo-jo/ros2_ws_minimal_pi5/build/robot_legion_teleop_python/build/lib/robot_legion_teleop_python
[0.759s] copying robot_legion_teleop_python/playbook_strategies.py -> /home/jo-jo/ros2_ws_minimal_pi5/build/robot_legion_teleop_python/build/lib/robot_legion_teleop_python
[0.759s] copying robot_legion_teleop_python/terminal_orchestrator.py -> /home/jo-jo/ros2_ws_minimal_pi5/build/robot_legion_teleop_python/build/lib/robot_legion_teleop_python
[0.759s] copying robot_legion_teleop_python/playbook_contract.py -> /home/jo-jo/ros2_ws_minimal_pi5/build/robot_legion_teleop_python/build/lib/robot_legion_teleop_python
[0.759s] copying robot_legion_teleop_python/legion_camera_node.py -> /home/jo-jo/ros2_ws_minimal_pi5/build/robot_legion_teleop_python/build/lib/robot_legion_teleop_python
[0.759s] creating /home/jo-jo/ros2_ws_minimal_pi5/build/robot_legion_teleop_python/build/lib/robot_legion_teleop_python/robot_legion_teleop_python
[0.759s] copying robot_legion_teleop_python/robot_legion_teleop_python/teleop_legion_key.py -> /home/jo-jo/ros2_ws_minimal_pi5/build/robot_legion_teleop_python/build/lib/robot_legion_teleop_python/robot_legion_teleop_python
[0.759s] copying robot_legion_teleop_python/robot_legion_teleop_python/motor_driver_node.py -> /home/jo-jo/ros2_ws_minimal_pi5/build/robot_legion_teleop_python/build/lib/robot_legion_teleop_python/robot_legion_teleop_python
[0.759s] copying robot_legion_teleop_python/robot_legion_teleop_python/unit_executor_omni_action_server.py -> /home/jo-jo/ros2_ws_minimal_pi5/build/robot_legion_teleop_python/build/lib/robot_legion_teleop_python/robot_legion_teleop_python
[0.760s] copying robot_legion_teleop_python/robot_legion_teleop_python/unit_executor_diffdrive_action_server.py -> /home/jo-jo/ros2_ws_minimal_pi5/build/robot_legion_teleop_python/build/lib/robot_legion_teleop_python/robot_legion_teleop_python
[0.760s] copying robot_legion_teleop_python/robot_legion_teleop_python/fpv_camera_mux.py -> /home/jo-jo/ros2_ws_minimal_pi5/build/robot_legion_teleop_python/build/lib/robot_legion_teleop_python/robot_legion_teleop_python
[0.760s] copying robot_legion_teleop_python/robot_legion_teleop_python/fpv_control_arbiter.py -> /home/jo-jo/ros2_ws_minimal_pi5/build/robot_legion_teleop_python/build/lib/robot_legion_teleop_python/robot_legion_teleop_python
[0.760s] copying robot_legion_teleop_python/robot_legion_teleop_python/reset_gz.py -> /home/jo-jo/ros2_ws_minimal_pi5/build/robot_legion_teleop_python/build/lib/robot_legion_teleop_python/robot_legion_teleop_python
[0.760s] copying robot_legion_teleop_python/robot_legion_teleop_python/usb_camera_node.py -> /home/jo-jo/ros2_ws_minimal_pi5/build/robot_legion_teleop_python/build/lib/robot_legion_teleop_python/robot_legion_teleop_python
[0.760s] copying robot_legion_teleop_python/robot_legion_teleop_python/__init__.py -> /home/jo-jo/ros2_ws_minimal_pi5/build/robot_legion_teleop_python/build/lib/robot_legion_teleop_python/robot_legion_teleop_python
[0.760s] copying robot_legion_teleop_python/robot_legion_teleop_python/playbook_helpers.py -> /home/jo-jo/ros2_ws_minimal_pi5/build/robot_legion_teleop_python/build/lib/robot_legion_teleop_python/robot_legion_teleop_python
[0.760s] running install
[0.765s] running install_lib
[0.774s] creating /home/jo-jo/ros2_ws_minimal_pi5/install/robot_legion_teleop_python/lib/python3.12/site-packages/robot_legion_teleop_python
[0.774s] copying /home/jo-jo/ros2_ws_minimal_pi5/build/robot_legion_teleop_python/build/lib/robot_legion_teleop_python/unit_executor_action_server.py -> /home/jo-jo/ros2_ws_minimal_pi5/install/robot_legion_teleop_python/lib/python3.12/site-packages/robot_legion_teleop_python
[0.774s] copying /home/jo-jo/ros2_ws_minimal_pi5/build/robot_legion_teleop_python/build/lib/robot_legion_teleop_python/hardware_interface.py -> /home/jo-jo/ros2_ws_minimal_pi5/install/robot_legion_teleop_python/lib/python3.12/site-packages/robot_legion_teleop_python
[0.774s] copying /home/jo-jo/ros2_ws_minimal_pi5/build/robot_legion_teleop_python/build/lib/robot_legion_teleop_python/fpv_web_server.py -> /home/jo-jo/ros2_ws_minimal_pi5/install/robot_legion_teleop_python/lib/python3.12/site-packages/robot_legion_teleop_python
[0.774s] copying /home/jo-jo/ros2_ws_minimal_pi5/build/robot_legion_teleop_python/build/lib/robot_legion_teleop_python/teleop_legion_key.py -> /home/jo-jo/ros2_ws_minimal_pi5/install/robot_legion_teleop_python/lib/python3.12/site-packages/robot_legion_teleop_python
[0.774s] copying /home/jo-jo/ros2_ws_minimal_pi5/build/robot_legion_teleop_python/build/lib/robot_legion_teleop_python/motor_driver_node.py -> /home/jo-jo/ros2_ws_minimal_pi5/install/robot_legion_teleop_python/lib/python3.12/site-packages/robot_legion_teleop_python
[0.774s] copying /home/jo-jo/ros2_ws_minimal_pi5/build/robot_legion_teleop_python/build/lib/robot_legion_teleop_python/control_lock_manager.py -> /home/jo-jo/ros2_ws_minimal_pi5/install/robot_legion_teleop_python/lib/python3.12/site-packages/robot_legion_teleop_python
[0.774s] copying /home/jo-jo/ros2_ws_minimal_pi5/build/robot_legion_teleop_python/build/lib/robot_legion_teleop_python/drive_types.py -> /home/jo-jo/ros2_ws_minimal_pi5/install/robot_legion_teleop_python/lib/python3.12/site-packages/robot_legion_teleop_python
[0.775s] copying /home/jo-jo/ros2_ws_minimal_pi5/build/robot_legion_teleop_python/build/lib/robot_legion_teleop_python/unit_executor_omni_action_server.py -> /home/jo-jo/ros2_ws_minimal_pi5/install/robot_legion_teleop_python/lib/python3.12/site-packages/robot_legion_teleop_python
[0.775s] copying /home/jo-jo/ros2_ws_minimal_pi5/build/robot_legion_teleop_python/build/lib/robot_legion_teleop_python/heartbeat_node.py -> /home/jo-jo/ros2_ws_minimal_pi5/install/robot_legion_teleop_python/lib/python3.12/site-packages/robot_legion_teleop_python
[0.775s] copying /home/jo-jo/ros2_ws_minimal_pi5/build/robot_legion_teleop_python/build/lib/robot_legion_teleop_python/setup.py -> /home/jo-jo/ros2_ws_minimal_pi5/install/robot_legion_teleop_python/lib/python3.12/site-packages/robot_legion_teleop_python
[0.775s] copying /home/jo-jo/ros2_ws_minimal_pi5/build/robot_legion_teleop_python/build/lib/robot_legion_teleop_python/motor_driver_node_OLD.py -> /home/jo-jo/ros2_ws_minimal_pi5/install/robot_legion_teleop_python/lib/python3.12/site-packages/robot_legion_teleop_python
[0.775s] copying /home/jo-jo/ros2_ws_minimal_pi5/build/robot_legion_teleop_python/build/lib/robot_legion_teleop_python/unit_executor_diffdrive_action_server.py -> /home/jo-jo/ros2_ws_minimal_pi5/install/robot_legion_teleop_python/lib/python3.12/site-packages/robot_legion_teleop_python
[0.775s] copying /home/jo-jo/ros2_ws_minimal_pi5/build/robot_legion_teleop_python/build/lib/robot_legion_teleop_python/fpv_camera_mux.py -> /home/jo-jo/ros2_ws_minimal_pi5/install/robot_legion_teleop_python/lib/python3.12/site-packages/robot_legion_teleop_python
[0.775s] copying /home/jo-jo/ros2_ws_minimal_pi5/build/robot_legion_teleop_python/build/lib/robot_legion_teleop_python/fpv_control_arbiter.py -> /home/jo-jo/ros2_ws_minimal_pi5/install/robot_legion_teleop_python/lib/python3.12/site-packages/robot_legion_teleop_python
[0.775s] copying /home/jo-jo/ros2_ws_minimal_pi5/build/robot_legion_teleop_python/build/lib/robot_legion_teleop_python/audit_logger.py -> /home/jo-jo/ros2_ws_minimal_pi5/install/robot_legion_teleop_python/lib/python3.12/site-packages/robot_legion_teleop_python
[0.775s] copying /home/jo-jo/ros2_ws_minimal_pi5/build/robot_legion_teleop_python/build/lib/robot_legion_teleop_python/reset_gz.py -> /home/jo-jo/ros2_ws_minimal_pi5/install/robot_legion_teleop_python/lib/python3.12/site-packages/robot_legion_teleop_python
[0.775s] copying /home/jo-jo/ros2_ws_minimal_pi5/build/robot_legion_teleop_python/build/lib/robot_legion_teleop_python/drive_profiles.py -> /home/jo-jo/ros2_ws_minimal_pi5/install/robot_legion_teleop_python/lib/python3.12/site-packages/robot_legion_teleop_python
[0.775s] copying /home/jo-jo/ros2_ws_minimal_pi5/build/robot_legion_teleop_python/build/lib/robot_legion_teleop_python/usb_camera_node.py -> /home/jo-jo/ros2_ws_minimal_pi5/install/robot_legion_teleop_python/lib/python3.12/site-packages/robot_legion_teleop_python
[0.776s] copying /home/jo-jo/ros2_ws_minimal_pi5/build/robot_legion_teleop_python/build/lib/robot_legion_teleop_python/__init__.py -> /home/jo-jo/ros2_ws_minimal_pi5/install/robot_legion_teleop_python/lib/python3.12/site-packages/robot_legion_teleop_python
[0.776s] copying /home/jo-jo/ros2_ws_minimal_pi5/build/robot_legion_teleop_python/build/lib/robot_legion_teleop_python/playbook_helpers.py -> /home/jo-jo/ros2_ws_minimal_pi5/install/robot_legion_teleop_python/lib/python3.12/site-packages/robot_legion_teleop_python
[0.776s] copying /home/jo-jo/ros2_ws_minimal_pi5/build/robot_legion_teleop_python/build/lib/robot_legion_teleop_python/playbook_strategies.py -> /home/jo-jo/ros2_ws_minimal_pi5/install/robot_legion_teleop_python/lib/python3.12/site-packages/robot_legion_teleop_python
[0.776s] creating /home/jo-jo/ros2_ws_minimal_pi5/install/robot_legion_teleop_python/lib/python3.12/site-packages/robot_legion_teleop_python/robot_legion_teleop_python
[0.776s] copying /home/jo-jo/ros2_ws_minimal_pi5/build/robot_legion_teleop_python/build/lib/robot_legion_teleop_python/robot_legion_teleop_python/teleop_legion_key.py -> /home/jo-jo/ros2_ws_minimal_pi5/install/robot_legion_teleop_python/lib/python3.12/site-packages/robot_legion_teleop_python/robot_legion_teleop_python
[0.776s] copying /home/jo-jo/ros2_ws_minimal_pi5/build/robot_legion_teleop_python/build/lib/robot_legion_teleop_python/robot_legion_teleop_python/motor_driver_node.py -> /home/jo-jo/ros2_ws_minimal_pi5/install/robot_legion_teleop_python/lib/python3.12/site-packages/robot_legion_teleop_python/robot_legion_teleop_python
[0.776s] copying /home/jo-jo/ros2_ws_minimal_pi5/build/robot_legion_teleop_python/build/lib/robot_legion_teleop_python/robot_legion_teleop_python/unit_executor_omni_action_server.py -> /home/jo-jo/ros2_ws_minimal_pi5/install/robot_legion_teleop_python/lib/python3.12/site-packages/robot_legion_teleop_python/robot_legion_teleop_python
[0.776s] copying /home/jo-jo/ros2_ws_minimal_pi5/build/robot_legion_teleop_python/build/lib/robot_legion_teleop_python/robot_legion_teleop_python/unit_executor_diffdrive_action_server.py -> /home/jo-jo/ros2_ws_minimal_pi5/install/robot_legion_teleop_python/lib/python3.12/site-packages/robot_legion_teleop_python/robot_legion_teleop_python
[0.776s] copying /home/jo-jo/ros2_ws_minimal_pi5/build/robot_legion_teleop_python/build/lib/robot_legion_teleop_python/robot_legion_teleop_python/fpv_camera_mux.py -> /home/jo-jo/ros2_ws_minimal_pi5/install/robot_legion_teleop_python/lib/python3.12/site-packages/robot_legion_teleop_python/robot_legion_teleop_python
[0.776s] copying /home/jo-jo/ros2_ws_minimal_pi5/build/robot_legion_teleop_python/build/lib/robot_legion_teleop_python/robot_legion_teleop_python/fpv_control_arbiter.py -> /home/jo-jo/ros2_ws_minimal_pi5/install/robot_legion_teleop_python/lib/python3.12/site-packages/robot_legion_teleop_python/robot_legion_teleop_python
[0.776s] copying /home/jo-jo/ros2_ws_minimal_pi5/build/robot_legion_teleop_python/build/lib/robot_legion_teleop_python/robot_legion_teleop_python/reset_gz.py -> /home/jo-jo/ros2_ws_minimal_pi5/install/robot_legion_teleop_python/lib/python3.12/site-packages/robot_legion_teleop_python/robot_legion_teleop_python
[0.776s] copying /home/jo-jo/ros2_ws_minimal_pi5/build/robot_legion_teleop_python/build/lib/robot_legion_teleop_python/robot_legion_teleop_python/usb_camera_node.py -> /home/jo-jo/ros2_ws_minimal_pi5/install/robot_legion_teleop_python/lib/python3.12/site-packages/robot_legion_teleop_python/robot_legion_teleop_python
[0.776s] copying /home/jo-jo/ros2_ws_minimal_pi5/build/robot_legion_teleop_python/build/lib/robot_legion_teleop_python/robot_legion_teleop_python/__init__.py -> /home/jo-jo/ros2_ws_minimal_pi5/install/robot_legion_teleop_python/lib/python3.12/site-packages/robot_legion_teleop_python/robot_legion_teleop_python
[0.776s] copying /home/jo-jo/ros2_ws_minimal_pi5/build/robot_legion_teleop_python/build/lib/robot_legion_teleop_python/robot_legion_teleop_python/playbook_helpers.py -> /home/jo-jo/ros2_ws_minimal_pi5/install/robot_legion_teleop_python/lib/python3.12/site-packages/robot_legion_teleop_python/robot_legion_teleop_python
[0.776s] copying /home/jo-jo/ros2_ws_minimal_pi5/build/robot_legion_teleop_python/build/lib/robot_legion_teleop_python/terminal_orchestrator.py -> /home/jo-jo/ros2_ws_minimal_pi5/install/robot_legion_teleop_python/lib/python3.12/site-packages/robot_legion_teleop_python
[0.776s] copying /home/jo-jo/ros2_ws_minimal_pi5/build/robot_legion_teleop_python/build/lib/robot_legion_teleop_python/playbook_contract.py -> /home/jo-jo/ros2_ws_minimal_pi5/install/robot_legion_teleop_python/lib/python3.12/site-packages/robot_legion_teleop_python
[0.777s] copying /home/jo-jo/ros2_ws_minimal_pi5/build/robot_legion_teleop_python/build/lib/robot_legion_teleop_python/legion_camera_node.py -> /home/jo-jo/ros2_ws_minimal_pi5/install/robot_legion_teleop_python/lib/python3.12/site-packages/robot_legion_teleop_python
[0.777s] byte-compiling /home/jo-jo/ros2_ws_minimal_pi5/install/robot_legion_teleop_python/lib/python3.12/site-packages/robot_legion_teleop_python/unit_executor_action_server.py to unit_executor_action_server.cpython-312.pyc
[0.779s] byte-compiling /home/jo-jo/ros2_ws_minimal_pi5/install/robot_legion_teleop_python/lib/python3.12/site-packages/robot_legion_teleop_python/hardware_interface.py to hardware_interface.cpython-312.pyc
[0.781s] byte-compiling /home/jo-jo/ros2_ws_minimal_pi5/install/robot_legion_teleop_python/lib/python3.12/site-packages/robot_legion_teleop_python/fpv_web_server.py to fpv_web_server.cpython-312.pyc
[0.783s] byte-compiling /home/jo-jo/ros2_ws_minimal_pi5/install/robot_legion_teleop_python/lib/python3.12/site-packages/robot_legion_teleop_python/teleop_legion_key.py to teleop_legion_key.cpython-312.pyc
[0.786s] byte-compiling /home/jo-jo/ros2_ws_minimal_pi5/install/robot_legion_teleop_python/lib/python3.12/site-packages/robot_legion_teleop_python/motor_driver_node.py to motor_driver_node.cpython-312.pyc
[0.788s] byte-compiling /home/jo-jo/ros2_ws_minimal_pi5/install/robot_legion_teleop_python/lib/python3.12/site-packages/robot_legion_teleop_python/control_lock_manager.py to control_lock_manager.cpython-312.pyc
[0.789s] byte-compiling /home/jo-jo/ros2_ws_minimal_pi5/install/robot_legion_teleop_python/lib/python3.12/site-packages/robot_legion_teleop_python/drive_types.py to drive_types.cpython-312.pyc
[0.789s] byte-compiling /home/jo-jo/ros2_ws_minimal_pi5/install/robot_legion_teleop_python/lib/python3.12/site-packages/robot_legion_teleop_python/unit_executor_omni_action_server.py to unit_executor_omni_action_server.cpython-312.pyc
[0.790s] byte-compiling /home/jo-jo/ros2_ws_minimal_pi5/install/robot_legion_teleop_python/lib/python3.12/site-packages/robot_legion_teleop_python/heartbeat_node.py to heartbeat_node.cpython-312.pyc
[0.790s] byte-compiling /home/jo-jo/ros2_ws_minimal_pi5/install/robot_legion_teleop_python/lib/python3.12/site-packages/robot_legion_teleop_python/setup.py to setup.cpython-312.pyc
[0.790s] byte-compiling /home/jo-jo/ros2_ws_minimal_pi5/install/robot_legion_teleop_python/lib/python3.12/site-packages/robot_legion_teleop_python/motor_driver_node_OLD.py to motor_driver_node_OLD.cpython-312.pyc
[0.792s] byte-compiling /home/jo-jo/ros2_ws_minimal_pi5/install/robot_legion_teleop_python/lib/python3.12/site-packages/robot_legion_teleop_python/unit_executor_diffdrive_action_server.py to unit_executor_diffdrive_action_server.cpython-312.pyc
[0.793s] byte-compiling /home/jo-jo/ros2_ws_minimal_pi5/install/robot_legion_teleop_python/lib/python3.12/site-packages/robot_legion_teleop_python/fpv_camera_mux.py to fpv_camera_mux.cpython-312.pyc
[0.794s] byte-compiling /home/jo-jo/ros2_ws_minimal_pi5/install/robot_legion_teleop_python/lib/python3.12/site-packages/robot_legion_teleop_python/fpv_control_arbiter.py to fpv_control_arbiter.cpython-312.pyc
[0.795s] byte-compiling /home/jo-jo/ros2_ws_minimal_pi5/install/robot_legion_teleop_python/lib/python3.12/site-packages/robot_legion_teleop_python/audit_logger.py to audit_logger.cpython-312.pyc
[0.796s] byte-compiling /home/jo-jo/ros2_ws_minimal_pi5/install/robot_legion_teleop_python/lib/python3.12/site-packages/robot_legion_teleop_python/reset_gz.py to reset_gz.cpython-312.pyc
[0.796s] byte-compiling /home/jo-jo/ros2_ws_minimal_pi5/install/robot_legion_teleop_python/lib/python3.12/site-packages/robot_legion_teleop_python/drive_profiles.py to drive_profiles.cpython-312.pyc
[0.797s] byte-compiling /home/jo-jo/ros2_ws_minimal_pi5/install/robot_legion_teleop_python/lib/python3.12/site-packages/robot_legion_teleop_python/usb_camera_node.py to usb_camera_node.cpython-312.pyc
[0.797s] byte-compiling /home/jo-jo/ros2_ws_minimal_pi5/install/robot_legion_teleop_python/lib/python3.12/site-packages/robot_legion_teleop_python/__init__.py to __init__.cpython-312.pyc
[0.797s] byte-compiling /home/jo-jo/ros2_ws_minimal_pi5/install/robot_legion_teleop_python/lib/python3.12/site-packages/robot_legion_teleop_python/playbook_helpers.py to playbook_helpers.cpython-312.pyc
[0.798s] byte-compiling /home/jo-jo/ros2_ws_minimal_pi5/install/robot_legion_teleop_python/lib/python3.12/site-packages/robot_legion_teleop_python/playbook_strategies.py to playbook_strategies.cpython-312.pyc
[0.799s] byte-compiling /home/jo-jo/ros2_ws_minimal_pi5/install/robot_legion_teleop_python/lib/python3.12/site-packages/robot_legion_teleop_python/robot_legion_teleop_python/teleop_legion_key.py to teleop_legion_key.cpython-312.pyc
[0.800s] byte-compiling /home/jo-jo/ros2_ws_minimal_pi5/install/robot_legion_teleop_python/lib/python3.12/site-packages/robot_legion_teleop_python/robot_legion_teleop_python/motor_driver_node.py to motor_driver_node.cpython-312.pyc
[0.801s] byte-compiling /home/jo-jo/ros2_ws_minimal_pi5/install/robot_legion_teleop_python/lib/python3.12/site-packages/robot_legion_teleop_python/robot_legion_teleop_python/unit_executor_omni_action_server.py to unit_executor_omni_action_server.cpython-312.pyc
[0.802s] byte-compiling /home/jo-jo/ros2_ws_minimal_pi5/install/robot_legion_teleop_python/lib/python3.12/site-packages/robot_legion_teleop_python/robot_legion_teleop_python/unit_executor_diffdrive_action_server.py to unit_executor_diffdrive_action_server.cpython-312.pyc
[0.802s] byte-compiling /home/jo-jo/ros2_ws_minimal_pi5/install/robot_legion_teleop_python/lib/python3.12/site-packages/robot_legion_teleop_python/robot_legion_teleop_python/fpv_camera_mux.py to fpv_camera_mux.cpython-312.pyc
[0.803s] byte-compiling /home/jo-jo/ros2_ws_minimal_pi5/install/robot_legion_teleop_python/lib/python3.12/site-packages/robot_legion_teleop_python/robot_legion_teleop_python/fpv_control_arbiter.py to fpv_control_arbiter.cpython-312.pyc
[0.804s] byte-compiling /home/jo-jo/ros2_ws_minimal_pi5/install/robot_legion_teleop_python/lib/python3.12/site-packages/robot_legion_teleop_python/robot_legion_teleop_python/reset_gz.py to reset_gz.cpython-312.pyc
[0.804s] byte-compiling /home/jo-jo/ros2_ws_minimal_pi5/install/robot_legion_teleop_python/lib/python3.12/site-packages/robot_legion_teleop_python/robot_legion_teleop_python/usb_camera_node.py to usb_camera_node.cpython-312.pyc
[0.805s] byte-compiling /home/jo-jo/ros2_ws_minimal_pi5/install/robot_legion_teleop_python/lib/python3.12/site-packages/robot_legion_teleop_python/robot_legion_teleop_python/__init__.py to __init__.cpython-312.pyc
[0.805s] byte-compiling /home/jo-jo/ros2_ws_minimal_pi5/install/robot_legion_teleop_python/lib/python3.12/site-packages/robot_legion_teleop_python/robot_legion_teleop_python/playbook_helpers.py to playbook_helpers.cpython-312.pyc
[0.805s] byte-compiling /home/jo-jo/ros2_ws_minimal_pi5/install/robot_legion_teleop_python/lib/python3.12/site-packages/robot_legion_teleop_python/terminal_orchestrator.py to terminal_orchestrator.cpython-312.pyc
[0.819s] byte-compiling /home/jo-jo/ros2_ws_minimal_pi5/install/robot_legion_teleop_python/lib/python3.12/site-packages/robot_legion_teleop_python/playbook_contract.py to playbook_contract.cpython-312.pyc
[0.820s] byte-compiling /home/jo-jo/ros2_ws_minimal_pi5/install/robot_legion_teleop_python/lib/python3.12/site-packages/robot_legion_teleop_python/legion_camera_node.py to legion_camera_node.cpython-312.pyc
[0.820s] running install_data
[0.821s] creating /home/jo-jo/ros2_ws_minimal_pi5/install/robot_legion_teleop_python/share/ament_index
[0.821s] creating /home/jo-jo/ros2_ws_minimal_pi5/install/robot_legion_teleop_python/share/ament_index/resource_index
[0.821s] creating /home/jo-jo/ros2_ws_minimal_pi5/install/robot_legion_teleop_python/share/ament_index/resource_index/packages
[0.821s] copying resource/robot_legion_teleop_python -> /home/jo-jo/ros2_ws_minimal_pi5/install/robot_legion_teleop_python/share/ament_index/resource_index/packages
[0.821s] copying package.xml -> /home/jo-jo/ros2_ws_minimal_pi5/install/robot_legion_teleop_python/share/robot_legion_teleop_python
[0.821s] creating /home/jo-jo/ros2_ws_minimal_pi5/install/robot_legion_teleop_python/share/robot_legion_teleop_python/config
[0.821s] copying config/robot_profiles.yaml -> /home/jo-jo/ros2_ws_minimal_pi5/install/robot_legion_teleop_python/share/robot_legion_teleop_python/config
[0.821s] creating /home/jo-jo/ros2_ws_minimal_pi5/install/robot_legion_teleop_python/share/robot_legion_teleop_python/launch
[0.821s] copying launch/robot_bringup.launch.py -> /home/jo-jo/ros2_ws_minimal_pi5/install/robot_legion_teleop_python/share/robot_legion_teleop_python/launch
[0.821s] copying launch/robot_minimal.launch.py -> /home/jo-jo/ros2_ws_minimal_pi5/install/robot_legion_teleop_python/share/robot_legion_teleop_python/launch
[0.821s] running install_egg_info
[0.832s] Copying ../../build/robot_legion_teleop_python/robot_legion_teleop_python.egg-info to /home/jo-jo/ros2_ws_minimal_pi5/install/robot_legion_teleop_python/lib/python3.12/site-packages/robot_legion_teleop_python-0.1.0-py3.12.egg-info
[0.832s] running install_scripts
[0.896s] Installing control_lock_manager script to /home/jo-jo/ros2_ws_minimal_pi5/install/robot_legion_teleop_python/lib/robot_legion_teleop_python
[0.897s] Installing fpv_camera_mux script to /home/jo-jo/ros2_ws_minimal_pi5/install/robot_legion_teleop_python/lib/robot_legion_teleop_python
[0.897s] Installing fpv_control_arbiter script to /home/jo-jo/ros2_ws_minimal_pi5/install/robot_legion_teleop_python/lib/robot_legion_teleop_python
[0.897s] Installing heartbeat_node script to /home/jo-jo/ros2_ws_minimal_pi5/install/robot_legion_teleop_python/lib/robot_legion_teleop_python
[0.897s] Installing motor_driver_node script to /home/jo-jo/ros2_ws_minimal_pi5/install/robot_legion_teleop_python/lib/robot_legion_teleop_python
[0.897s] Installing teleop_legion_key script to /home/jo-jo/ros2_ws_minimal_pi5/install/robot_legion_teleop_python/lib/robot_legion_teleop_python
[0.897s] Installing terminal_orchestrator script to /home/jo-jo/ros2_ws_minimal_pi5/install/robot_legion_teleop_python/lib/robot_legion_teleop_python
[0.897s] Installing unit_executor_action_server script to /home/jo-jo/ros2_ws_minimal_pi5/install/robot_legion_teleop_python/lib/robot_legion_teleop_python
[0.897s] Installing usb_camera_node script to /home/jo-jo/ros2_ws_minimal_pi5/install/robot_legion_teleop_python/lib/robot_legion_teleop_python
[0.897s] writing list of installed files to '/home/jo-jo/ros2_ws_minimal_pi5/build/robot_legion_teleop_python/install.log'
[0.914s] Invoked command in '/home/jo-jo/ros2_ws_minimal_pi5/src/robot_legion_teleop_python' returned '0': DEBUGINFOD_URLS=https://debuginfod.ubuntu.com PYTHONPATH=/home/jo-jo/ros2_ws_minimal_pi5/build/robot_legion_teleop_python/prefix_override:/usr/lib/python3/dist-packages/colcon_core/task/python/colcon_distutils_commands:/home/jo-jo/ros2_ws_minimal_pi5/install/robot_legion_teleop_python/lib/python3.12/site-packages:${PYTHONPATH} /usr/bin/python3 -W ignore:setup.py install is deprecated -W ignore:easy_install command is deprecated setup.py egg_info --egg-base ../../build/robot_legion_teleop_python build --build-base /home/jo-jo/ros2_ws_minimal_pi5/build/robot_legion_teleop_python/build install --record /home/jo-jo/ros2_ws_minimal_pi5/build/robot_legion_teleop_python/install.log --single-version-externally-managed install_data
