/home/jo-jo/ros2_ws_minimal_pi5/install/robot_legion_teleop_python/lib/python3.12/site-packages/robot_legion_teleop_python/unit_executor_action_server.py
/home/jo-jo/ros2_ws_minimal_pi5/install/robot_legion_teleop_python/lib/python3.12/site-packages/robot_legion_teleop_python/hardware_interface.py
/home/jo-jo/ros2_ws_minimal_pi5/install/robot_legion_teleop_python/lib/python3.12/site-packages/robot_legion_teleop_python/fpv_web_server.py
/home/jo-jo/ros2_ws_minimal_pi5/install/robot_legion_teleop_python/lib/python3.12/site-packages/robot_legion_teleop_python/teleop_legion_key.py
/home/jo-jo/ros2_ws_minimal_pi5/install/robot_legion_teleop_python/lib/python3.12/site-packages/robot_legion_teleop_python/motor_driver_node.py
/home/jo-jo/ros2_ws_minimal_pi5/install/robot_legion_teleop_python/lib/python3.12/site-packages/robot_legion_teleop_python/control_lock_manager.py
/home/jo-jo/ros2_ws_minimal_pi5/install/robot_legion_teleop_python/lib/python3.12/site-packages/robot_legion_teleop_python/drive_types.py
/home/jo-jo/ros2_ws_minimal_pi5/install/robot_legion_teleop_python/lib/python3.12/site-packages/robot_legion_teleop_python/unit_executor_omni_action_server.py
/home/jo-jo/ros2_ws_minimal_pi5/install/robot_legion_teleop_python/lib/python3.12/site-packages/robot_legion_teleop_python/heartbeat_node.py
/home/jo-jo/ros2_ws_minimal_pi5/install/robot_legion_teleop_python/lib/python3.12/site-packages/robot_legion_teleop_python/setup.py
/home/jo-jo/ros2_ws_minimal_pi5/install/robot_legion_teleop_python/lib/python3.12/site-packages/robot_legion_teleop_python/motor_driver_node_OLD.py
/home/jo-jo/ros2_ws_minimal_pi5/install/robot_legion_teleop_python/lib/python3.12/site-packages/robot_legion_teleop_python/unit_executor_diffdrive_action_server.py
/home/jo-jo/ros2_ws_minimal_pi5/install/robot_legion_teleop_python/lib/python3.12/site-packages/robot_legion_teleop_python/fpv_camera_mux.py
/home/jo-jo/ros2_ws_minimal_pi5/install/robot_legion_teleop_python/lib/python3.12/site-packages/robot_legion_teleop_python/fpv_control_arbiter.py
/home/jo-jo/ros2_ws_minimal_pi5/install/robot_legion_teleop_python/lib/python3.12/site-packages/robot_legion_teleop_python/audit_logger.py
/home/jo-jo/ros2_ws_minimal_pi5/install/robot_legion_teleop_python/lib/python3.12/site-packages/robot_legion_teleop_python/reset_gz.py
/home/jo-jo/ros2_ws_minimal_pi5/install/robot_legion_teleop_python/lib/python3.12/site-packages/robot_legion_teleop_python/drive_profiles.py
/home/jo-jo/ros2_ws_minimal_pi5/install/robot_legion_teleop_python/lib/python3.12/site-packages/robot_legion_teleop_python/usb_camera_node.py
/home/jo-jo/ros2_ws_minimal_pi5/install/robot_legion_teleop_python/lib/python3.12/site-packages/robot_legion_teleop_python/__init__.py
/home/jo-jo/ros2_ws_minimal_pi5/install/robot_legion_teleop_python/lib/python3.12/site-packages/robot_legion_teleop_python/playbook_helpers.py
/home/jo-jo/ros2_ws_minimal_pi5/install/robot_legion_teleop_python/lib/python3.12/site-packages/robot_legion_teleop_python/playbook_strategies.py
/home/jo-jo/ros2_ws_minimal_pi5/install/robot_legion_teleop_python/lib/python3.12/site-packages/robot_legion_teleop_python/terminal_orchestrator.py
/home/jo-jo/ros2_ws_minimal_pi5/install/robot_legion_teleop_python/lib/python3.12/site-packages/robot_legion_teleop_python/playbook_contract.py
/home/jo-jo/ros2_ws_minimal_pi5/install/robot_legion_teleop_python/lib/python3.12/site-packages/robot_legion_teleop_python/legion_camera_node.py
/home/jo-jo/ros2_ws_minimal_pi5/install/robot_legion_teleop_python/lib/python3.12/site-packages/robot_legion_teleop_python/robot_legion_teleop_python/teleop_legion_key.py
/home/jo-jo/ros2_ws_minimal_pi5/install/robot_legion_teleop_python/lib/python3.12/site-packages/robot_legion_teleop_python/robot_legion_teleop_python/motor_driver_node.py
/home/jo-jo/ros2_ws_minimal_pi5/install/robot_legion_teleop_python/lib/python3.12/site-packages/robot_legion_teleop_python/robot_legion_teleop_python/unit_executor_omni_action_server.py
/home/jo-jo/ros2_ws_minimal_pi5/install/robot_legion_teleop_python/lib/python3.12/site-packages/robot_legion_teleop_python/robot_legion_teleop_python/unit_executor_diffdrive_action_server.py
/home/jo-jo/ros2_ws_minimal_pi5/install/robot_legion_teleop_python/lib/python3.12/site-packages/robot_legion_teleop_python/robot_legion_teleop_python/fpv_camera_mux.py
/home/jo-jo/ros2_ws_minimal_pi5/install/robot_legion_teleop_python/lib/python3.12/site-packages/robot_legion_teleop_python/robot_legion_teleop_python/fpv_control_arbiter.py
/home/jo-jo/ros2_ws_minimal_pi5/install/robot_legion_teleop_python/lib/python3.12/site-packages/robot_legion_teleop_python/robot_legion_teleop_python/reset_gz.py
/home/jo-jo/ros2_ws_minimal_pi5/install/robot_legion_teleop_python/lib/python3.12/site-packages/robot_legion_teleop_python/robot_legion_teleop_python/usb_camera_node.py
/home/jo-jo/ros2_ws_minimal_pi5/install/robot_legion_teleop_python/lib/python3.12/site-packages/robot_legion_teleop_python/robot_legion_teleop_python/__init__.py
/home/jo-jo/ros2_ws_minimal_pi5/install/robot_legion_teleop_python/lib/python3.12/site-packages/robot_legion_teleop_python/robot_legion_teleop_python/playbook_helpers.py
/home/jo-jo/ros2_ws_minimal_pi5/install/robot_legion_teleop_python/lib/python3.12/site-packages/robot_legion_teleop_python/__pycache__/unit_executor_action_server.cpython-312.pyc
/home/jo-jo/ros2_ws_minimal_pi5/install/robot_legion_teleop_python/lib/python3.12/site-packages/robot_legion_teleop_python/__pycache__/hardware_interface.cpython-312.pyc
/home/jo-jo/ros2_ws_minimal_pi5/install/robot_legion_teleop_python/lib/python3.12/site-packages/robot_legion_teleop_python/__pycache__/fpv_web_server.cpython-312.pyc
/home/jo-jo/ros2_ws_minimal_pi5/install/robot_legion_teleop_python/lib/python3.12/site-packages/robot_legion_teleop_python/__pycache__/teleop_legion_key.cpython-312.pyc
/home/jo-jo/ros2_ws_minimal_pi5/install/robot_legion_teleop_python/lib/python3.12/site-packages/robot_legion_teleop_python/__pycache__/motor_driver_node.cpython-312.pyc
/home/jo-jo/ros2_ws_minimal_pi5/install/robot_legion_teleop_python/lib/python3.12/site-packages/robot_legion_teleop_python/__pycache__/control_lock_manager.cpython-312.pyc
/home/jo-jo/ros2_ws_minimal_pi5/install/robot_legion_teleop_python/lib/python3.12/site-packages/robot_legion_teleop_python/__pycache__/drive_types.cpython-312.pyc
/home/jo-jo/ros2_ws_minimal_pi5/install/robot_legion_teleop_python/lib/python3.12/site-packages/robot_legion_teleop_python/__pycache__/unit_executor_omni_action_server.cpython-312.pyc
/home/jo-jo/ros2_ws_minimal_pi5/install/robot_legion_teleop_python/lib/python3.12/site-packages/robot_legion_teleop_python/__pycache__/heartbeat_node.cpython-312.pyc
/home/jo-jo/ros2_ws_minimal_pi5/install/robot_legion_teleop_python/lib/python3.12/site-packages/robot_legion_teleop_python/__pycache__/setup.cpython-312.pyc
/home/jo-jo/ros2_ws_minimal_pi5/install/robot_legion_teleop_python/lib/python3.12/site-packages/robot_legion_teleop_python/__pycache__/motor_driver_node_OLD.cpython-312.pyc
/home/jo-jo/ros2_ws_minimal_pi5/install/robot_legion_teleop_python/lib/python3.12/site-packages/robot_legion_teleop_python/__pycache__/unit_executor_diffdrive_action_server.cpython-312.pyc
/home/jo-jo/ros2_ws_minimal_pi5/install/robot_legion_teleop_python/lib/python3.12/site-packages/robot_legion_teleop_python/__pycache__/fpv_camera_mux.cpython-312.pyc
/home/jo-jo/ros2_ws_minimal_pi5/install/robot_legion_teleop_python/lib/python3.12/site-packages/robot_legion_teleop_python/__pycache__/fpv_control_arbiter.cpython-312.pyc
/home/jo-jo/ros2_ws_minimal_pi5/install/robot_legion_teleop_python/lib/python3.12/site-packages/robot_legion_teleop_python/__pycache__/audit_logger.cpython-312.pyc
/home/jo-jo/ros2_ws_minimal_pi5/install/robot_legion_teleop_python/lib/python3.12/site-packages/robot_legion_teleop_python/__pycache__/reset_gz.cpython-312.pyc
/home/jo-jo/ros2_ws_minimal_pi5/install/robot_legion_teleop_python/lib/python3.12/site-packages/robot_legion_teleop_python/__pycache__/drive_profiles.cpython-312.pyc
/home/jo-jo/ros2_ws_minimal_pi5/install/robot_legion_teleop_python/lib/python3.12/site-packages/robot_legion_teleop_python/__pycache__/usb_camera_node.cpython-312.pyc
/home/jo-jo/ros2_ws_minimal_pi5/install/robot_legion_teleop_python/lib/python3.12/site-packages/robot_legion_teleop_python/__pycache__/__init__.cpython-312.pyc
/home/jo-jo/ros2_ws_minimal_pi5/install/robot_legion_teleop_python/lib/python3.12/site-packages/robot_legion_teleop_python/__pycache__/playbook_helpers.cpython-312.pyc
/home/jo-jo/ros2_ws_minimal_pi5/install/robot_legion_teleop_python/lib/python3.12/site-packages/robot_legion_teleop_python/__pycache__/playbook_strategies.cpython-312.pyc
/home/jo-jo/ros2_ws_minimal_pi5/install/robot_legion_teleop_python/lib/python3.12/site-packages/robot_legion_teleop_python/__pycache__/terminal_orchestrator.cpython-312.pyc
/home/jo-jo/ros2_ws_minimal_pi5/install/robot_legion_teleop_python/lib/python3.12/site-packages/robot_legion_teleop_python/__pycache__/playbook_contract.cpython-312.pyc
/home/jo-jo/ros2_ws_minimal_pi5/install/robot_legion_teleop_python/lib/python3.12/site-packages/robot_legion_teleop_python/__pycache__/legion_camera_node.cpython-312.pyc
/home/jo-jo/ros2_ws_minimal_pi5/install/robot_legion_teleop_python/lib/python3.12/site-packages/robot_legion_teleop_python/robot_legion_teleop_python/__pycache__/teleop_legion_key.cpython-312.pyc
/home/jo-jo/ros2_ws_minimal_pi5/install/robot_legion_teleop_python/lib/python3.12/site-packages/robot_legion_teleop_python/robot_legion_teleop_python/__pycache__/motor_driver_node.cpython-312.pyc
/home/jo-jo/ros2_ws_minimal_pi5/install/robot_legion_teleop_python/lib/python3.12/site-packages/robot_legion_teleop_python/robot_legion_teleop_python/__pycache__/unit_executor_omni_action_server.cpython-312.pyc
/home/jo-jo/ros2_ws_minimal_pi5/install/robot_legion_teleop_python/lib/python3.12/site-packages/robot_legion_teleop_python/robot_legion_teleop_python/__pycache__/unit_executor_diffdrive_action_server.cpython-312.pyc
/home/jo-jo/ros2_ws_minimal_pi5/install/robot_legion_teleop_python/lib/python3.12/site-packages/robot_legion_teleop_python/robot_legion_teleop_python/__pycache__/fpv_camera_mux.cpython-312.pyc
/home/jo-jo/ros2_ws_minimal_pi5/install/robot_legion_teleop_python/lib/python3.12/site-packages/robot_legion_teleop_python/robot_legion_teleop_python/__pycache__/fpv_control_arbiter.cpython-312.pyc
/home/jo-jo/ros2_ws_minimal_pi5/install/robot_legion_teleop_python/lib/python3.12/site-packages/robot_legion_teleop_python/robot_legion_teleop_python/__pycache__/reset_gz.cpython-312.pyc
/home/jo-jo/ros2_ws_minimal_pi5/install/robot_legion_teleop_python/lib/python3.12/site-packages/robot_legion_teleop_python/robot_legion_teleop_python/__pycache__/usb_camera_node.cpython-312.pyc
/home/jo-jo/ros2_ws_minimal_pi5/install/robot_legion_teleop_python/lib/python3.12/site-packages/robot_legion_teleop_python/robot_legion_teleop_python/__pycache__/__init__.cpython-312.pyc
/home/jo-jo/ros2_ws_minimal_pi5/install/robot_legion_teleop_python/lib/python3.12/site-packages/robot_legion_teleop_python/robot_legion_teleop_python/__pycache__/playbook_helpers.cpython-312.pyc
/home/jo-jo/ros2_ws_minimal_pi5/install/robot_legion_teleop_python/share/ament_index/resource_index/packages/robot_legion_teleop_python
/home/jo-jo/ros2_ws_minimal_pi5/install/robot_legion_teleop_python/share/robot_legion_teleop_python/package.xml
/home/jo-jo/ros2_ws_minimal_pi5/install/robot_legion_teleop_python/share/robot_legion_teleop_python/config/robot_profiles.yaml
/home/jo-jo/ros2_ws_minimal_pi5/install/robot_legion_teleop_python/share/robot_legion_teleop_python/launch/robot_bringup.launch.py
/home/jo-jo/ros2_ws_minimal_pi5/install/robot_legion_teleop_python/share/robot_legion_teleop_python/launch/robot_minimal.launch.py
/home/jo-jo/ros2_ws_minimal_pi5/install/robot_legion_teleop_python/lib/python3.12/site-packages/robot_legion_teleop_python-0.1.0-py3.12.egg-info/zip-safe
/home/jo-jo/ros2_ws_minimal_pi5/install/robot_legion_teleop_python/lib/python3.12/site-packages/robot_legion_teleop_python-0.1.0-py3.12.egg-info/requires.txt
/home/jo-jo/ros2_ws_minimal_pi5/install/robot_legion_teleop_python/lib/python3.12/site-packages/robot_legion_teleop_python-0.1.0-py3.12.egg-info/PKG-INFO
/home/jo-jo/ros2_ws_minimal_pi5/install/robot_legion_teleop_python/lib/python3.12/site-packages/robot_legion_teleop_python-0.1.0-py3.12.egg-info/entry_points.txt
/home/jo-jo/ros2_ws_minimal_pi5/install/robot_legion_teleop_python/lib/python3.12/site-packages/robot_legion_teleop_python-0.1.0-py3.12.egg-info/top_level.txt
/home/jo-jo/ros2_ws_minimal_pi5/install/robot_legion_teleop_python/lib/python3.12/site-packages/robot_legion_teleop_python-0.1.0-py3.12.egg-info/SOURCES.txt
/home/jo-jo/ros2_ws_minimal_pi5/install/robot_legion_teleop_python/lib/python3.12/site-packages/robot_legion_teleop_python-0.1.0-py3.12.egg-info/dependency_links.txt
/home/jo-jo/ros2_ws_minimal_pi5/install/robot_legion_teleop_python/lib/robot_legion_teleop_python/control_lock_manager
/home/jo-jo/ros2_ws_minimal_pi5/install/robot_legion_teleop_python/lib/robot_legion_teleop_python/fpv_camera_mux
/home/jo-jo/ros2_ws_minimal_pi5/install/robot_legion_teleop_python/lib/robot_legion_teleop_python/fpv_control_arbiter
/home/jo-jo/ros2_ws_minimal_pi5/install/robot_legion_teleop_python/lib/robot_legion_teleop_python/heartbeat_node
/home/jo-jo/ros2_ws_minimal_pi5/install/robot_legion_teleop_python/lib/robot_legion_teleop_python/motor_driver_node
/home/jo-jo/ros2_ws_minimal_pi5/install/robot_legion_teleop_python/lib/robot_legion_teleop_python/teleop_legion_key
/home/jo-jo/ros2_ws_minimal_pi5/install/robot_legion_teleop_python/lib/robot_legion_teleop_python/terminal_orchestrator
/home/jo-jo/ros2_ws_minimal_pi5/install/robot_legion_teleop_python/lib/robot_legion_teleop_python/unit_executor_action_server
/home/jo-jo/ros2_ws_minimal_pi5/install/robot_legion_teleop_python/lib/robot_legion_teleop_python/usb_camera_node
